<?xml version="1.0" encoding="UTF-8"?>
<testsuites name="jest tests" tests="23" failures="0" errors="0" time="0.954">
  <testsuite name="getSupabaseEvents" errors="0" failures="0" skipped="0" timestamp="2025-07-20T09:16:55" time="0.788" tests="13">
    <testcase classname="getSupabaseEvents returns event list successfully" name="getSupabaseEvents returns event list successfully" time="0.002">
    </testcase>
    <testcase classname="getSupabaseEvents throws error when supabase returns an error" name="getSupabaseEvents throws error when supabase returns an error" time="0.003">
    </testcase>
    <testcase classname="getSupabaseEvents throws error on unexpected exception" name="getSupabaseEvents throws error on unexpected exception" time="0.002">
    </testcase>
    <testcase classname="getSupabaseEventsById returns event" name="getSupabaseEventsById returns event" time="0">
    </testcase>
    <testcase classname="getSupabaseEventsById throws an error when supabase returns an error" name="getSupabaseEventsById throws an error when supabase returns an error" time="0">
    </testcase>
    <testcase classname="getSupabaseEventsById throws an error when data is null" name="getSupabaseEventsById throws an error when data is null" time="0">
    </testcase>
    <testcase classname="getSupabaseEventsById throws on unexpected exception" name="getSupabaseEventsById throws on unexpected exception" time="0.001">
    </testcase>
    <testcase classname="addSupabaseEvent successfully inserts event" name="addSupabaseEvent successfully inserts event" time="0">
    </testcase>
    <testcase classname="addSupabaseEvent throws if required fields are missing" name="addSupabaseEvent throws if required fields are missing" time="0.001">
    </testcase>
    <testcase classname="addSupabaseEvent throws if date format invalid" name="addSupabaseEvent throws if date format invalid" time="0.001">
    </testcase>
    <testcase classname="addSupabaseEvent throws if start_time format invalid" name="addSupabaseEvent throws if start_time format invalid" time="0">
    </testcase>
    <testcase classname="addSupabaseEvent throws if end_time format invalid" name="addSupabaseEvent throws if end_time format invalid" time="0">
    </testcase>
    <testcase classname="addSupabaseEvent throws if supabase insert returns error" name="addSupabaseEvent throws if supabase insert returns error" time="0">
    </testcase>
  </testsuite>
  <testsuite name="sendEmail" errors="0" failures="0" skipped="0" timestamp="2025-07-20T09:16:56" time="0.084" tests="1">
    <testcase classname="sendEmail successfully sends email" name="sendEmail successfully sends email" time="0.003">
    </testcase>
  </testsuite>
  <testsuite name="register service" errors="0" failures="0" skipped="0" timestamp="2025-07-20T09:16:56" time="0.013" tests="4">
    <testcase classname="register service throws error when payment fails" name="register service throws error when payment fails" time="0.002">
    </testcase>
    <testcase classname="register service throws error when onboarding existing user" name="register service throws error when onboarding existing user" time="0">
    </testcase>
    <testcase classname="register service adds a new user to database" name="register service adds a new user to database" time="0">
    </testcase>
    <testcase classname="register service throws when adding a user fails" name="register service throws when adding a user fails" time="0.001">
    </testcase>
  </testsuite>
  <testsuite name="login sevice" errors="0" failures="0" skipped="0" timestamp="2025-07-20T09:16:56" time="0.014" tests="3">
    <testcase classname="login sevice throws error if no userId is provided" name="login sevice throws error if no userId is provided" time="0.002">
    </testcase>
    <testcase classname="login sevice returns user data if userId is valid" name="login sevice returns user data if userId is valid" time="0">
    </testcase>
    <testcase classname="login sevice throws error if get() fails" name="login sevice throws error if get() fails" time="0">
    </testcase>
  </testsuite>
  <testsuite name="payment service" errors="0" failures="0" skipped="0" timestamp="2025-07-20T09:16:56" time="0.01" tests="2">
    <testcase classname="payment service creates membership payment intent for ubc student" name="payment service creates membership payment intent for ubc student" time="0">
    </testcase>
    <testcase classname="payment service creates membership payment intent for non ubc student" name="payment service creates membership payment intent for non ubc student" time="0">
    </testcase>
  </testsuite>
</testsuites>