<?xml version="1.0" encoding="UTF-8"?>
<testsuites name="jest tests" tests="10" failures="0" errors="0" time="3.447">
  <testsuite name="register service" errors="0" failures="0" skipped="0" timestamp="2025-07-13T02:56:49" time="2.877" tests="4">
    <testcase classname="register service throws error when payment fails" name="register service throws error when payment fails" time="0.012">
    </testcase>
    <testcase classname="register service throws error when onboarding existing user" name="register service throws error when onboarding existing user" time="0.002">
    </testcase>
    <testcase classname="register service adds a new user to database" name="register service adds a new user to database" time="0">
    </testcase>
    <testcase classname="register service throws when adding a user fails" name="register service throws when adding a user fails" time="0.001">
    </testcase>
  </testsuite>
  <testsuite name="payment service" errors="0" failures="0" skipped="0" timestamp="2025-07-13T02:56:49" time="2.91" tests="2">
    <testcase classname="payment service creates membership payment intent for ubc student" name="payment service creates membership payment intent for ubc student" time="0.003">
    </testcase>
    <testcase classname="payment service creates membership payment intent for non ubc student" name="payment service creates membership payment intent for non ubc student" time="0">
    </testcase>
  </testsuite>
  <testsuite name="sendEmail" errors="0" failures="0" skipped="0" timestamp="2025-07-13T02:56:49" time="3.006" tests="1">
    <testcase classname="sendEmail successfully sends email" name="sendEmail successfully sends email" time="0.008">
    </testcase>
  </testsuite>
  <testsuite name="login sevice" errors="0" failures="0" skipped="0" timestamp="2025-07-13T02:56:49" time="2.992" tests="3">
    <testcase classname="login sevice throws error if no userId is provided" name="login sevice throws error if no userId is provided" time="0.006">
    </testcase>
    <testcase classname="login sevice returns user data if userId is valid" name="login sevice returns user data if userId is valid" time="0.001">
    </testcase>
    <testcase classname="login sevice throws error if get() fails" name="login sevice throws error if get() fails" time="0.001">
    </testcase>
  </testsuite>
</testsuites>